[2021-11-30 10:59:29] local.ERROR: Please provide a valid cache path. {"exception":"[object] (InvalidArgumentException(code: 0): Please provide a valid cache path. at /Users/matthias/Documents/DOCUMENTI/CORSI/LARAVEL/Workspace/didattica/vendor/laravel/framework/src/Illuminate/View/Compilers/Compiler.php:36)
[stacktrace]
#0 /Users/matthias/Documents/DOCUMENTI/CORSI/LARAVEL/Workspace/didattica/vendor/laravel/framework/src/Illuminate/View/ViewServiceProvider.php(88): Illuminate\\View\\Compilers\\Compiler->__construct(Object(Illuminate\\Filesystem\\Filesystem), false)
#1 /Users/matthias/Documents/DOCUMENTI/CORSI/LARAVEL/Workspace/didattica/vendor/laravel/framework/src/Illuminate/Container/Container.php(873): Illuminate\\View\\ViewServiceProvider->Illuminate\\View\\{closure}(Object(Illuminate\\Foundation\\Application), Array)
#2 /Users/matthias/Documents/DOCUMENTI/CORSI/LARAVEL/Workspace/didattica/vendor/laravel/framework/src/Illuminate/Container/Container.php(758): Illuminate\\Container\\Container->build(Object(Closure))
#3 /Users/matthias/Documents/DOCUMENTI/CORSI/LARAVEL/Workspace/didattica/vendor/laravel/framework/src/Illuminate/Foundation/Application.php(841): Illuminate\\Container\\Container->resolve('blade.compiler', Array, true)
#4 /Users/matthias/Documents/DOCUMENTI/CORSI/LARAVEL/Workspace/didattica/vendor/laravel/framework/src/Illuminate/Container/Container.php(694): Illuminate\\Foundation\\Application->resolve('blade.compiler', Array)
#5 /Users/matthias/Documents/DOCUMENTI/CORSI/LARAVEL/Workspace/didattica/vendor/laravel/framework/src/Illuminate/Foundation/Application.php(826): Illuminate\\Container\\Container->make('blade.compiler', Array)
#6 /Users/matthias/Documents/DOCUMENTI/CORSI/LARAVEL/Workspace/didattica/vendor/laravel/framework/src/Illuminate/Container/Container.php(1423): Illuminate\\Foundation\\Application->make('blade.compiler')
#7 /Users/matthias/Documents/DOCUMENTI/CORSI/LARAVEL/Workspace/didattica/vendor/laravel/framework/src/Illuminate/Support/Facades/Facade.php(198): Illuminate\\Container\\Container->offsetGet('blade.compiler')
#8 /Users/matthias/Documents/DOCUMENTI/CORSI/LARAVEL/Workspace/didattica/vendor/laravel/framework/src/Illuminate/Support/Facades/Facade.php(166): Illuminate\\Support\\Facades\\Facade::resolveFacadeInstance('blade.compiler')
#9 /Users/matthias/Documents/DOCUMENTI/CORSI/LARAVEL/Workspace/didattica/vendor/laravel/framework/src/Illuminate/Support/Facades/Facade.php(255): Illuminate\\Support\\Facades\\Facade::getFacadeRoot()
#10 /Users/matthias/Documents/DOCUMENTI/CORSI/LARAVEL/Workspace/didattica/vendor/asantibanez/livewire-charts/src/LivewireChartsServiceProvider.php(68): Illuminate\\Support\\Facades\\Facade::__callStatic('directive', Array)
#11 /Users/matthias/Documents/DOCUMENTI/CORSI/LARAVEL/Workspace/didattica/vendor/asantibanez/livewire-charts/src/LivewireChartsServiceProvider.php(23): Asantibanez\\LivewireCharts\\LivewireChartsServiceProvider->registerDirectives()
#12 /Users/matthias/Documents/DOCUMENTI/CORSI/LARAVEL/Workspace/didattica/vendor/laravel/framework/src/Illuminate/Container/BoundMethod.php(36): Asantibanez\\LivewireCharts\\LivewireChartsServiceProvider->boot()
#13 /Users/matthias/Documents/DOCUMENTI/CORSI/LARAVEL/Workspace/didattica/vendor/laravel/framework/src/Illuminate/Container/Util.php(40): Illuminate\\Container\\BoundMethod::Illuminate\\Container\\{closure}()
#14 /Users/matthias/Documents/DOCUMENTI/CORSI/LARAVEL/Workspace/didattica/vendor/laravel/framework/src/Illuminate/Container/BoundMethod.php(93): Illuminate\\Container\\Util::unwrapIfClosure(Object(Closure))
#15 /Users/matthias/Documents/DOCUMENTI/CORSI/LARAVEL/Workspace/didattica/vendor/laravel/framework/src/Illuminate/Container/BoundMethod.php(37): Illuminate\\Container\\BoundMethod::callBoundMethod(Object(Illuminate\\Foundation\\Application), Array, Object(Closure))
#16 /Users/matthias/Documents/DOCUMENTI/CORSI/LARAVEL/Workspace/didattica/vendor/laravel/framework/src/Illuminate/Container/Container.php(653): Illuminate\\Container\\BoundMethod::call(Object(Illuminate\\Foundation\\Application), Array, Array, NULL)
#17 /Users/matthias/Documents/DOCUMENTI/CORSI/LARAVEL/Workspace/didattica/vendor/laravel/framework/src/Illuminate/Foundation/Application.php(914): Illuminate\\Container\\Container->call(Array)
#18 /Users/matthias/Documents/DOCUMENTI/CORSI/LARAVEL/Workspace/didattica/vendor/laravel/framework/src/Illuminate/Foundation/Application.php(895): Illuminate\\Foundation\\Application->bootProvider(Object(Asantibanez\\LivewireCharts\\LivewireChartsServiceProvider))
#19 [internal function]: Illuminate\\Foundation\\Application->Illuminate\\Foundation\\{closure}(Object(Asantibanez\\LivewireCharts\\LivewireChartsServiceProvider), 15)
#20 /Users/matthias/Documents/DOCUMENTI/CORSI/LARAVEL/Workspace/didattica/vendor/laravel/framework/src/Illuminate/Foundation/Application.php(896): array_walk(Array, Object(Closure))
#21 /Users/matthias/Documents/DOCUMENTI/CORSI/LARAVEL/Workspace/didattica/vendor/laravel/framework/src/Illuminate/Foundation/Bootstrap/BootProviders.php(17): Illuminate\\Foundation\\Application->boot()
#22 /Users/matthias/Documents/DOCUMENTI/CORSI/LARAVEL/Workspace/didattica/vendor/laravel/framework/src/Illuminate/Foundation/Application.php(237): Illuminate\\Foundation\\Bootstrap\\BootProviders->bootstrap(Object(Illuminate\\Foundation\\Application))
#23 /Users/matthias/Documents/DOCUMENTI/CORSI/LARAVEL/Workspace/didattica/vendor/laravel/framework/src/Illuminate/Foundation/Console/Kernel.php(310): Illuminate\\Foundation\\Application->bootstrapWith(Array)
#24 /Users/matthias/Documents/DOCUMENTI/CORSI/LARAVEL/Workspace/didattica/vendor/laravel/framework/src/Illuminate/Foundation/Console/Kernel.php(127): Illuminate\\Foundation\\Console\\Kernel->bootstrap()
#25 /Users/matthias/Documents/DOCUMENTI/CORSI/LARAVEL/Workspace/didattica/artisan(37): Illuminate\\Foundation\\Console\\Kernel->handle(Object(Symfony\\Component\\Console\\Input\\ArgvInput), Object(Symfony\\Component\\Console\\Output\\ConsoleOutput))
#26 {main}
"} 
[2021-11-30 10:59:34] local.ERROR: Please provide a valid cache path. {"exception":"[object] (InvalidArgumentException(code: 0): Please provide a valid cache path. at /Users/matthias/Documents/DOCUMENTI/CORSI/LARAVEL/Workspace/didattica/vendor/laravel/framework/src/Illuminate/View/Compilers/Compiler.php:36)
[stacktrace]
#0 /Users/matthias/Documents/DOCUMENTI/CORSI/LARAVEL/Workspace/didattica/vendor/laravel/framework/src/Illuminate/View/ViewServiceProvider.php(88): Illuminate\\View\\Compilers\\Compiler->__construct(Object(Illuminate\\Filesystem\\Filesystem), false)
#1 /Users/matthias/Documents/DOCUMENTI/CORSI/LARAVEL/Workspace/didattica/vendor/laravel/framework/src/Illuminate/Container/Container.php(873): Illuminate\\View\\ViewServiceProvider->Illuminate\\View\\{closure}(Object(Illuminate\\Foundation\\Application), Array)
#2 /Users/matthias/Documents/DOCUMENTI/CORSI/LARAVEL/Workspace/didattica/vendor/laravel/framework/src/Illuminate/Container/Container.php(758): Illuminate\\Container\\Container->build(Object(Closure))
#3 /Users/matthias/Documents/DOCUMENTI/CORSI/LARAVEL/Workspace/didattica/vendor/laravel/framework/src/Illuminate/Foundation/Application.php(841): Illuminate\\Container\\Container->resolve('blade.compiler', Array, true)
#4 /Users/matthias/Documents/DOCUMENTI/CORSI/LARAVEL/Workspace/didattica/vendor/laravel/framework/src/Illuminate/Container/Container.php(694): Illuminate\\Foundation\\Application->resolve('blade.compiler', Array)
#5 /Users/matthias/Documents/DOCUMENTI/CORSI/LARAVEL/Workspace/didattica/vendor/laravel/framework/src/Illuminate/Foundation/Application.php(826): Illuminate\\Container\\Container->make('blade.compiler', Array)
#6 /Users/matthias/Documents/DOCUMENTI/CORSI/LARAVEL/Workspace/didattica/vendor/laravel/framework/src/Illuminate/Container/Container.php(1423): Illuminate\\Foundation\\Application->make('blade.compiler')
#7 /Users/matthias/Documents/DOCUMENTI/CORSI/LARAVEL/Workspace/didattica/vendor/laravel/framework/src/Illuminate/Support/Facades/Facade.php(198): Illuminate\\Container\\Container->offsetGet('blade.compiler')
#8 /Users/matthias/Documents/DOCUMENTI/CORSI/LARAVEL/Workspace/didattica/vendor/laravel/framework/src/Illuminate/Support/Facades/Facade.php(166): Illuminate\\Support\\Facades\\Facade::resolveFacadeInstance('blade.compiler')
#9 /Users/matthias/Documents/DOCUMENTI/CORSI/LARAVEL/Workspace/didattica/vendor/laravel/framework/src/Illuminate/Support/Facades/Facade.php(255): Illuminate\\Support\\Facades\\Facade::getFacadeRoot()
#10 /Users/matthias/Documents/DOCUMENTI/CORSI/LARAVEL/Workspace/didattica/vendor/asantibanez/livewire-charts/src/LivewireChartsServiceProvider.php(68): Illuminate\\Support\\Facades\\Facade::__callStatic('directive', Array)
#11 /Users/matthias/Documents/DOCUMENTI/CORSI/LARAVEL/Workspace/didattica/vendor/asantibanez/livewire-charts/src/LivewireChartsServiceProvider.php(23): Asantibanez\\LivewireCharts\\LivewireChartsServiceProvider->registerDirectives()
#12 /Users/matthias/Documents/DOCUMENTI/CORSI/LARAVEL/Workspace/didattica/vendor/laravel/framework/src/Illuminate/Container/BoundMethod.php(36): Asantibanez\\LivewireCharts\\LivewireChartsServiceProvider->boot()
#13 /Users/matthias/Documents/DOCUMENTI/CORSI/LARAVEL/Workspace/didattica/vendor/laravel/framework/src/Illuminate/Container/Util.php(40): Illuminate\\Container\\BoundMethod::Illuminate\\Container\\{closure}()
#14 /Users/matthias/Documents/DOCUMENTI/CORSI/LARAVEL/Workspace/didattica/vendor/laravel/framework/src/Illuminate/Container/BoundMethod.php(93): Illuminate\\Container\\Util::unwrapIfClosure(Object(Closure))
#15 /Users/matthias/Documents/DOCUMENTI/CORSI/LARAVEL/Workspace/didattica/vendor/laravel/framework/src/Illuminate/Container/BoundMethod.php(37): Illuminate\\Container\\BoundMethod::callBoundMethod(Object(Illuminate\\Foundation\\Application), Array, Object(Closure))
#16 /Users/matthias/Documents/DOCUMENTI/CORSI/LARAVEL/Workspace/didattica/vendor/laravel/framework/src/Illuminate/Container/Container.php(653): Illuminate\\Container\\BoundMethod::call(Object(Illuminate\\Foundation\\Application), Array, Array, NULL)
#17 /Users/matthias/Documents/DOCUMENTI/CORSI/LARAVEL/Workspace/didattica/vendor/laravel/framework/src/Illuminate/Foundation/Application.php(914): Illuminate\\Container\\Container->call(Array)
#18 /Users/matthias/Documents/DOCUMENTI/CORSI/LARAVEL/Workspace/didattica/vendor/laravel/framework/src/Illuminate/Foundation/Application.php(895): Illuminate\\Foundation\\Application->bootProvider(Object(Asantibanez\\LivewireCharts\\LivewireChartsServiceProvider))
#19 [internal function]: Illuminate\\Foundation\\Application->Illuminate\\Foundation\\{closure}(Object(Asantibanez\\LivewireCharts\\LivewireChartsServiceProvider), 15)
#20 /Users/matthias/Documents/DOCUMENTI/CORSI/LARAVEL/Workspace/didattica/vendor/laravel/framework/src/Illuminate/Foundation/Application.php(896): array_walk(Array, Object(Closure))
#21 /Users/matthias/Documents/DOCUMENTI/CORSI/LARAVEL/Workspace/didattica/vendor/laravel/framework/src/Illuminate/Foundation/Bootstrap/BootProviders.php(17): Illuminate\\Foundation\\Application->boot()
#22 /Users/matthias/Documents/DOCUMENTI/CORSI/LARAVEL/Workspace/didattica/vendor/laravel/framework/src/Illuminate/Foundation/Application.php(237): Illuminate\\Foundation\\Bootstrap\\BootProviders->bootstrap(Object(Illuminate\\Foundation\\Application))
#23 /Users/matthias/Documents/DOCUMENTI/CORSI/LARAVEL/Workspace/didattica/vendor/laravel/framework/src/Illuminate/Foundation/Console/Kernel.php(310): Illuminate\\Foundation\\Application->bootstrapWith(Array)
#24 /Users/matthias/Documents/DOCUMENTI/CORSI/LARAVEL/Workspace/didattica/vendor/laravel/framework/src/Illuminate/Foundation/Console/Kernel.php(127): Illuminate\\Foundation\\Console\\Kernel->bootstrap()
#25 /Users/matthias/Documents/DOCUMENTI/CORSI/LARAVEL/Workspace/didattica/artisan(37): Illuminate\\Foundation\\Console\\Kernel->handle(Object(Symfony\\Component\\Console\\Input\\ArgvInput), Object(Symfony\\Component\\Console\\Output\\ConsoleOutput))
#26 {main}
"} 
[2021-11-30 11:00:09] local.ERROR: Please provide a valid cache path. {"exception":"[object] (InvalidArgumentException(code: 0): Please provide a valid cache path. at /Users/matthias/Documents/DOCUMENTI/CORSI/LARAVEL/Workspace/didattica/vendor/laravel/framework/src/Illuminate/View/Compilers/Compiler.php:36)
[stacktrace]
#0 /Users/matthias/Documents/DOCUMENTI/CORSI/LARAVEL/Workspace/didattica/vendor/laravel/framework/src/Illuminate/View/ViewServiceProvider.php(88): Illuminate\\View\\Compilers\\Compiler->__construct(Object(Illuminate\\Filesystem\\Filesystem), false)
#1 /Users/matthias/Documents/DOCUMENTI/CORSI/LARAVEL/Workspace/didattica/vendor/laravel/framework/src/Illuminate/Container/Container.php(873): Illuminate\\View\\ViewServiceProvider->Illuminate\\View\\{closure}(Object(Illuminate\\Foundation\\Application), Array)
#2 /Users/matthias/Documents/DOCUMENTI/CORSI/LARAVEL/Workspace/didattica/vendor/laravel/framework/src/Illuminate/Container/Container.php(758): Illuminate\\Container\\Container->build(Object(Closure))
#3 /Users/matthias/Documents/DOCUMENTI/CORSI/LARAVEL/Workspace/didattica/vendor/laravel/framework/src/Illuminate/Foundation/Application.php(841): Illuminate\\Container\\Container->resolve('blade.compiler', Array, true)
#4 /Users/matthias/Documents/DOCUMENTI/CORSI/LARAVEL/Workspace/didattica/vendor/laravel/framework/src/Illuminate/Container/Container.php(694): Illuminate\\Foundation\\Application->resolve('blade.compiler', Array)
#5 /Users/matthias/Documents/DOCUMENTI/CORSI/LARAVEL/Workspace/didattica/vendor/laravel/framework/src/Illuminate/Foundation/Application.php(826): Illuminate\\Container\\Container->make('blade.compiler', Array)
#6 /Users/matthias/Documents/DOCUMENTI/CORSI/LARAVEL/Workspace/didattica/vendor/laravel/framework/src/Illuminate/Container/Container.php(1423): Illuminate\\Foundation\\Application->make('blade.compiler')
#7 /Users/matthias/Documents/DOCUMENTI/CORSI/LARAVEL/Workspace/didattica/vendor/laravel/framework/src/Illuminate/Support/Facades/Facade.php(198): Illuminate\\Container\\Container->offsetGet('blade.compiler')
#8 /Users/matthias/Documents/DOCUMENTI/CORSI/LARAVEL/Workspace/didattica/vendor/laravel/framework/src/Illuminate/Support/Facades/Facade.php(166): Illuminate\\Support\\Facades\\Facade::resolveFacadeInstance('blade.compiler')
#9 /Users/matthias/Documents/DOCUMENTI/CORSI/LARAVEL/Workspace/didattica/vendor/laravel/framework/src/Illuminate/Support/Facades/Facade.php(255): Illuminate\\Support\\Facades\\Facade::getFacadeRoot()
#10 /Users/matthias/Documents/DOCUMENTI/CORSI/LARAVEL/Workspace/didattica/vendor/asantibanez/livewire-charts/src/LivewireChartsServiceProvider.php(68): Illuminate\\Support\\Facades\\Facade::__callStatic('directive', Array)
#11 /Users/matthias/Documents/DOCUMENTI/CORSI/LARAVEL/Workspace/didattica/vendor/asantibanez/livewire-charts/src/LivewireChartsServiceProvider.php(23): Asantibanez\\LivewireCharts\\LivewireChartsServiceProvider->registerDirectives()
#12 /Users/matthias/Documents/DOCUMENTI/CORSI/LARAVEL/Workspace/didattica/vendor/laravel/framework/src/Illuminate/Container/BoundMethod.php(36): Asantibanez\\LivewireCharts\\LivewireChartsServiceProvider->boot()
#13 /Users/matthias/Documents/DOCUMENTI/CORSI/LARAVEL/Workspace/didattica/vendor/laravel/framework/src/Illuminate/Container/Util.php(40): Illuminate\\Container\\BoundMethod::Illuminate\\Container\\{closure}()
#14 /Users/matthias/Documents/DOCUMENTI/CORSI/LARAVEL/Workspace/didattica/vendor/laravel/framework/src/Illuminate/Container/BoundMethod.php(93): Illuminate\\Container\\Util::unwrapIfClosure(Object(Closure))
#15 /Users/matthias/Documents/DOCUMENTI/CORSI/LARAVEL/Workspace/didattica/vendor/laravel/framework/src/Illuminate/Container/BoundMethod.php(37): Illuminate\\Container\\BoundMethod::callBoundMethod(Object(Illuminate\\Foundation\\Application), Array, Object(Closure))
#16 /Users/matthias/Documents/DOCUMENTI/CORSI/LARAVEL/Workspace/didattica/vendor/laravel/framework/src/Illuminate/Container/Container.php(653): Illuminate\\Container\\BoundMethod::call(Object(Illuminate\\Foundation\\Application), Array, Array, NULL)
#17 /Users/matthias/Documents/DOCUMENTI/CORSI/LARAVEL/Workspace/didattica/vendor/laravel/framework/src/Illuminate/Foundation/Application.php(914): Illuminate\\Container\\Container->call(Array)
#18 /Users/matthias/Documents/DOCUMENTI/CORSI/LARAVEL/Workspace/didattica/vendor/laravel/framework/src/Illuminate/Foundation/Application.php(895): Illuminate\\Foundation\\Application->bootProvider(Object(Asantibanez\\LivewireCharts\\LivewireChartsServiceProvider))
#19 [internal function]: Illuminate\\Foundation\\Application->Illuminate\\Foundation\\{closure}(Object(Asantibanez\\LivewireCharts\\LivewireChartsServiceProvider), 16)
#20 /Users/matthias/Documents/DOCUMENTI/CORSI/LARAVEL/Workspace/didattica/vendor/laravel/framework/src/Illuminate/Foundation/Application.php(896): array_walk(Array, Object(Closure))
#21 /Users/matthias/Documents/DOCUMENTI/CORSI/LARAVEL/Workspace/didattica/vendor/laravel/framework/src/Illuminate/Foundation/Bootstrap/BootProviders.php(17): Illuminate\\Foundation\\Application->boot()
#22 /Users/matthias/Documents/DOCUMENTI/CORSI/LARAVEL/Workspace/didattica/vendor/laravel/framework/src/Illuminate/Foundation/Application.php(237): Illuminate\\Foundation\\Bootstrap\\BootProviders->bootstrap(Object(Illuminate\\Foundation\\Application))
#23 /Users/matthias/Documents/DOCUMENTI/CORSI/LARAVEL/Workspace/didattica/vendor/laravel/framework/src/Illuminate/Foundation/Console/Kernel.php(310): Illuminate\\Foundation\\Application->bootstrapWith(Array)
#24 /Users/matthias/Documents/DOCUMENTI/CORSI/LARAVEL/Workspace/didattica/vendor/laravel/framework/src/Illuminate/Foundation/Console/Kernel.php(127): Illuminate\\Foundation\\Console\\Kernel->bootstrap()
#25 Command line code(1): Illuminate\\Foundation\\Console\\Kernel->handle(Object(Symfony\\Component\\Console\\Input\\ArgvInput), Object(Symfony\\Component\\Console\\Output\\ConsoleOutput))
#26 {main}
"} 
[2021-11-30 11:00:09] local.ERROR: Please provide a valid cache path. {"exception":"[object] (InvalidArgumentException(code: 0): Please provide a valid cache path. at /Users/matthias/Documents/DOCUMENTI/CORSI/LARAVEL/Workspace/didattica/vendor/laravel/framework/src/Illuminate/View/Compilers/Compiler.php:36)
[stacktrace]
#0 /Users/matthias/Documents/DOCUMENTI/CORSI/LARAVEL/Workspace/didattica/vendor/laravel/framework/src/Illuminate/View/ViewServiceProvider.php(88): Illuminate\\View\\Compilers\\Compiler->__construct(Object(Illuminate\\Filesystem\\Filesystem), false)
#1 /Users/matthias/Documents/DOCUMENTI/CORSI/LARAVEL/Workspace/didattica/vendor/laravel/framework/src/Illuminate/Container/Container.php(873): Illuminate\\View\\ViewServiceProvider->Illuminate\\View\\{closure}(Object(Illuminate\\Foundation\\Application), Array)
#2 /Users/matthias/Documents/DOCUMENTI/CORSI/LARAVEL/Workspace/didattica/vendor/laravel/framework/src/Illuminate/Container/Container.php(758): Illuminate\\Container\\Container->build(Object(Closure))
#3 /Users/matthias/Documents/DOCUMENTI/CORSI/LARAVEL/Workspace/didattica/vendor/laravel/framework/src/Illuminate/Foundation/Application.php(841): Illuminate\\Container\\Container->resolve('blade.compiler', Array, true)
#4 /Users/matthias/Documents/DOCUMENTI/CORSI/LARAVEL/Workspace/didattica/vendor/laravel/framework/src/Illuminate/Container/Container.php(694): Illuminate\\Foundation\\Application->resolve('blade.compiler', Array)
#5 /Users/matthias/Documents/DOCUMENTI/CORSI/LARAVEL/Workspace/didattica/vendor/laravel/framework/src/Illuminate/Foundation/Application.php(826): Illuminate\\Container\\Container->make('blade.compiler', Array)
#6 /Users/matthias/Documents/DOCUMENTI/CORSI/LARAVEL/Workspace/didattica/vendor/laravel/framework/src/Illuminate/Container/Container.php(1423): Illuminate\\Foundation\\Application->make('blade.compiler')
#7 /Users/matthias/Documents/DOCUMENTI/CORSI/LARAVEL/Workspace/didattica/vendor/laravel/framework/src/Illuminate/Support/Facades/Facade.php(198): Illuminate\\Container\\Container->offsetGet('blade.compiler')
#8 /Users/matthias/Documents/DOCUMENTI/CORSI/LARAVEL/Workspace/didattica/vendor/laravel/framework/src/Illuminate/Support/Facades/Facade.php(166): Illuminate\\Support\\Facades\\Facade::resolveFacadeInstance('blade.compiler')
#9 /Users/matthias/Documents/DOCUMENTI/CORSI/LARAVEL/Workspace/didattica/vendor/laravel/framework/src/Illuminate/Support/Facades/Facade.php(255): Illuminate\\Support\\Facades\\Facade::getFacadeRoot()
#10 /Users/matthias/Documents/DOCUMENTI/CORSI/LARAVEL/Workspace/didattica/vendor/asantibanez/livewire-charts/src/LivewireChartsServiceProvider.php(68): Illuminate\\Support\\Facades\\Facade::__callStatic('directive', Array)
#11 /Users/matthias/Documents/DOCUMENTI/CORSI/LARAVEL/Workspace/didattica/vendor/asantibanez/livewire-charts/src/LivewireChartsServiceProvider.php(23): Asantibanez\\LivewireCharts\\LivewireChartsServiceProvider->registerDirectives()
#12 /Users/matthias/Documents/DOCUMENTI/CORSI/LARAVEL/Workspace/didattica/vendor/laravel/framework/src/Illuminate/Container/BoundMethod.php(36): Asantibanez\\LivewireCharts\\LivewireChartsServiceProvider->boot()
#13 /Users/matthias/Documents/DOCUMENTI/CORSI/LARAVEL/Workspace/didattica/vendor/laravel/framework/src/Illuminate/Container/Util.php(40): Illuminate\\Container\\BoundMethod::Illuminate\\Container\\{closure}()
#14 /Users/matthias/Documents/DOCUMENTI/CORSI/LARAVEL/Workspace/didattica/vendor/laravel/framework/src/Illuminate/Container/BoundMethod.php(93): Illuminate\\Container\\Util::unwrapIfClosure(Object(Closure))
#15 /Users/matthias/Documents/DOCUMENTI/CORSI/LARAVEL/Workspace/didattica/vendor/laravel/framework/src/Illuminate/Container/BoundMethod.php(37): Illuminate\\Container\\BoundMethod::callBoundMethod(Object(Illuminate\\Foundation\\Application), Array, Object(Closure))
#16 /Users/matthias/Documents/DOCUMENTI/CORSI/LARAVEL/Workspace/didattica/vendor/laravel/framework/src/Illuminate/Container/Container.php(653): Illuminate\\Container\\BoundMethod::call(Object(Illuminate\\Foundation\\Application), Array, Array, NULL)
#17 /Users/matthias/Documents/DOCUMENTI/CORSI/LARAVEL/Workspace/didattica/vendor/laravel/framework/src/Illuminate/Foundation/Application.php(914): Illuminate\\Container\\Container->call(Array)
#18 /Users/matthias/Documents/DOCUMENTI/CORSI/LARAVEL/Workspace/didattica/vendor/laravel/framework/src/Illuminate/Foundation/Application.php(895): Illuminate\\Foundation\\Application->bootProvider(Object(Asantibanez\\LivewireCharts\\LivewireChartsServiceProvider))
#19 [internal function]: Illuminate\\Foundation\\Application->Illuminate\\Foundation\\{closure}(Object(Asantibanez\\LivewireCharts\\LivewireChartsServiceProvider), 16)
#20 /Users/matthias/Documents/DOCUMENTI/CORSI/LARAVEL/Workspace/didattica/vendor/laravel/framework/src/Illuminate/Foundation/Application.php(896): array_walk(Array, Object(Closure))
#21 /Users/matthias/Documents/DOCUMENTI/CORSI/LARAVEL/Workspace/didattica/vendor/laravel/framework/src/Illuminate/Foundation/Bootstrap/BootProviders.php(17): Illuminate\\Foundation\\Application->boot()
#22 /Users/matthias/Documents/DOCUMENTI/CORSI/LARAVEL/Workspace/didattica/vendor/laravel/framework/src/Illuminate/Foundation/Application.php(237): Illuminate\\Foundation\\Bootstrap\\BootProviders->bootstrap(Object(Illuminate\\Foundation\\Application))
#23 /Users/matthias/Documents/DOCUMENTI/CORSI/LARAVEL/Workspace/didattica/vendor/laravel/framework/src/Illuminate/Foundation/Console/Kernel.php(310): Illuminate\\Foundation\\Application->bootstrapWith(Array)
#24 /Users/matthias/Documents/DOCUMENTI/CORSI/LARAVEL/Workspace/didattica/vendor/laravel/framework/src/Illuminate/Foundation/Console/Kernel.php(127): Illuminate\\Foundation\\Console\\Kernel->bootstrap()
#25 Command line code(1): Illuminate\\Foundation\\Console\\Kernel->handle(Object(Symfony\\Component\\Console\\Input\\ArgvInput), Object(Symfony\\Component\\Console\\Output\\ConsoleOutput))
#26 {main}
"} 
